[    0.000000] Linux version 4.15.0-55-generic (buildd@lcy01-amd64-029) (gcc ersion 7.4.0 (Ubuntu 7.4.0-1ubuntu1~18.04.1)) #60-Ubuntu SMP Tue Jul 2 18:22:20 UTC 2019 (Ubuntu 4.15.0-55.60-generic 4.15.18)
[    0.000000] Command line: BOOT_IMAGE=/boot/vmlinuz-4.15.0-55-generic root=UUID=80e728dc-cc0e0-45d9-aba4-8e531d47f319 ro console=tty1 console=ttyS0
[    0.000000] KERNEL supported cpus:
[    0.000000]   Intel GenuineIntel
[    0.000000]   AMD AuthenticAMD
[    0.000000]   Centaur CentaurHauls
[    0.000000] x86/fpu: Supporting XSAVE feature 0001: 'x87 floating pointregisters'
[    0.000000] x86/fpu: Supporting XSAVE feature 0x002: 'SSE registers'
[    0.000000] x86/fpu: Supporting XSAVE feature 0x004: 'AVX registers'
[    0.000000] x86/fpu: xstate_offset[2]:  576, xstate_sizes[2]:  256
[    0.000000] x86/fpu: Enabled xstate features 0x7, context size is 832 bytes, using 'standard' format.
[    0.0000] e820: BIOS-rovied physical RAM ma:
[    .000000] BIOS-e820: [mem 0x0000000000000000-0x000000000009fbff] usable
[    0.000000] BIOS-e820: [mem 0x000000000009fc00-0x000000000009ffff] reserved
[    0.000000] BIOS-e820: [mem 0x00000000000f0000-0x00000000000fffff] reserved
[    0.000000] BIOS-e820: [mem 0x0000000000100000-0x000000003ffeffff] usable
[    0.000000] BIOS-e820: [mem 0x000000003fff0000-0x000000003fffffff] ACPI data
[    0.000000] BIOS-e820: [mem 0x00000000fe0000-0x00000000fec00fff] reserve
    000000] BIOS-e820: [mem 0x0000000ee00000-0x00000000fee00fff] reserved
[   0.000000] BIOS-e820:[mem 000000000fffc0000-0x00000000ffffffff] reserved
[    0.000000] NX (Execute Disable) protection: active
[    0.000000] SMBIS 2.5 prset.
[    0.00000] DM: innotek GmbH VirtualBox/VirtualBox, BIOS VirtualBox 12/01/2006
[    0.000000] Hypervisor detected: KVM
[    0.000000] e820: last_pfn = 0x3fff0 max_arch_pfn = 0x400000000
[    0.000000] MTRR: Disabled
[   .000000]86/PAT: MTRRs disabled, skipping PAT initialization too.
[    0.000000] CPU TRRs all blank - virtualized system.
[    0.000000] x86/PAT: Configuration [0-7]: WB  WT  UC- UC  WB  WT  UC- UC  
[    0.000000] found SMP MP-tabe at [mem 0x0009fff0-0x0009ffff] mapped a [        (ptrval)]
[    0.000000] Scanning 1areas for low memry orruption
[    000000] RAMDISK: [mem  0x359d30-0x36cefff]
[    0.000000] ACPI Early able chcksum verification disabled
[    0.000000] ACI: RSDP 0x00000000000E0000 000024 (v02 BOX  )
[    0.000000] ACPI: XSDT 0x000000003FFF0030 00003C (v01 VBOX   VBOXXSDT0000001 ASL  00000061)
[   0.000000] ACPI: FACP 0x000000003FFF0F0 0000F4 (v04 VBOX   VBOXFACP 000000 ASL  000001)
[   0.00000] ACPI: DSDT 0x0000003FFF0470021FF (2 VBOX   VBOXBIOS 00000002 INTL 20100528)
[    0.000000] ACPI:FACS 000000003FFF0200 000040
[   0.0000] ACPI: FACS 0x000000003FFF0200 000040
[    0.000000] ACPI: APIC 0x000000003FFF0240 00005C (v02 VBOX   VBOXAPIC 00000001 ASL 0000061)
[   .000000] ACPI: SSDT 0x000000003FFF02A 001CCv01 VBOX   VBOXCPUT 00000002 INTL 20100528)
[    0.000000] No NUMA cfiguration foud
[    0.000000] Fing a ode at [mem 0x000000000000000-0x00000003ffffff]
[    0000000] NODEDAT(0) alcated [me 03ffc5000-0xfeffff]
[    0.000000] kv-cock: cpu 0, mr :3ff44001, primary cpu lok
[    0.000000] kvm-cloc: sing msrs 4b564d01 and 564d0
[    0.000000] kvm-lock using sched offset of 5495751309 cycle
[    0.000000] loksource: vm-ock: mask: 0xffffffffffffff max_cycles: 0xcd2edffb, ma_ile_ns: 8815959143 ns
[    0.000000] Zone ranges:
[    0.000000]   DMA      [mem 0x0000000000001000-0x0000000000ffffff]
[    0.000000]   DMA32    [mem 0x000000000000000-0x000000003ffeffff]
[    0.000000]   Normal  epty
[   0.000000]   Device   empty
    0.000000] Movable zone start for each node
[    0.000000] Early memory node ranges
[    0.000000]   node   0: [mem 0x0000000000001000-0x000000000009efff]
[    0.000000]   node   0: [mem 0x0000000000100000-0x000000003fefff]
[   0.00000] Reservd ut unavailable:114 pages
[    0.000000]Initmem setup node 0 [mem 0x0000000000001000-0x000000003ffeffff]
[    0.000000] ACPI: PM-Timer IO Port: 0x4008
[    0.000000] IOAPIC[0]: apic_id 2, version 32, address 0xfec00000, GSI 0-23
[    0.000000] ACPI: INT_SRC_OVR (bus 0 bus_irq 0 global_irq 2 dfl dfl)
[    0.000000] ACPI: INT_SRC_OVR (bus 0 bus_irq9 glbal_ir 9low evvel)
[   .00000] Using ACPI (MADT) forMP configuration information
[    0.000000] smpboot: Allowig 2 CPUs, 0 hotplug CPUs
[    0.000000] PM: Registered nosave memory: [mem 0x00000000-0x00000fff]
[    0.000000] PM: Registered nosave memory: [mem0x009f0000x009ffff][   0.000000] PM:Registered nosave memory: [mem 0x000a0000-0x000effff]
[    0.000000] PM: Registerednosave memory: [mem 0x000f0000-0x000fffff]
[    0.000000] e820: [mem 0x40000000-0xfebfffff] availalefo PCI devices
[    0.000000 Booing paravirtualized krnl on KVM
[    0.00000] locksource: refined-jiffies: mask: 0xffffffff max_cycles: 0xffffffff, max_idle_ns: 7645519600211568 ns
[    0.000000] random: get_random_bytes called from start_kernel+0x99/0x4fd with crng_init=0
[    0.000000] setup_percpu: NR_CPUS:8192 nr_cpumask_bits:2 nr_cpu_ids:2 nr_node_ids:1
[    0.000000] percpu: Embedded 46 pages/cpu @        (ptrval) s151552 r8192 d28672 u1048576
[    0.000000] PV qspinlock hash table entries: 256 (order: 0, 4096 bytes)
[    0.000000] Built 1 zonelists, mobility grouping on. Tota pages: 257913
[    0.000000] Polic zon: DMA32
[   0.0000] Kernel commad line: BOOT_IMAGE=/boot/vmlinuz-4.15.0-55-generic root=UUID=80e728dc-c0e0-45d9-aba4-8e531d7f19 ro cosole=ty1cconsole=ttyS0
[    0.000000] Memory: 983072K/1048120K available (12300K kernel code, 2473K rwdata, 4276K rodata, 2408K init, 2416K bss65048K reered 00K cma-reserved)
[    0.000000] SLUB: HWalign=64, Order=0-3, MinObjects=0, CPUs=2, Nodes=1
[    0.000000] Kernl/User page tables isolation: enaled
    0.000000 ftaace: allocating 21 eentries in 154 pages
[    0.004000] Hierarchical RCU mpleentatin.
[   0.004000] 	RCU restritingCPUs from NR_CPUS812 to nr_cpu_ids=2.
[    0.004000] 	Tasks CU enabled.
[   0.004000]RCU: Adustinggemeetryfor rcu_fanout_leaf=16, nr_cpu_ids=2
[    0.004000] NR_IRQS: 524544, nr_irqs: 440, preallocatd irqs: 16
[    0.004000] Console: colour GA+ 80x25
[    0.004000] console [tty1] enabled
[    0.004000] console [ttyS0] enabled
[    0.004000] ACPI: Core revision 20170831
[    0.004000] ACPI: 2 ACPI AML tables successfully acquired and loaded
[    0.004000] APIC: Switch to symmetric I/O mode setup
[    0.004000] x2apic enabled
[    0.004000] Switched APIC routing to physical x2apic.
[    0.005430] ..TIMER: vector=0x30 apic1=0 pin1=2 apic2=-1 pin2=-1
[    0.008005] tsc: Detected 1199.999 MHz processor
[    0.009977] Calibrating delay loop (skipped) preset value.. 2399.99 BogoMIPS (lpj=4799996)
[    0.012008] pid_max: default: 32768 minimum: 301
[    0.016052] Security Framework initialized
[    0.020038] Yama: becoming mindful.
[    0.024042] AppArmor: AppArmor initialized
[    0.032059] Dentry cache hash table entries: 131072 (order: 8, 1048576 bytes)
[    0.036134] Inode-cache hash table entries: 65536 (order: 7, 524288 bytes)
[    0.040030] Mount-cache hash table entries: 2048 (order: 2, 16384 bytes)
[    0.044021] Mountpoint-cache hash table entries: 2048 (order: 2, 16384 bytes)
[    0.048350] mce: CPU supports 0 MCE banks
[    0.052024] Last level iTLB entries: 4KB 64, 2MB 8, 4MB 8
[    0.056008] Last level dTLB entries: 4KB 64, 2MB 0, 4MB 0, 1GB 4
[    0.060008] Spectre V2 : Mitigation: Full generic retpoline
[    0.064003] Spectre V2 : Spectre v2 / SpectreRSB mitigation: Filling RSB on context switch
[    0.068007] Speculative Store Bypass: Vulnerable
[    0.072058] MDS: Vulnerable: Clear CPU buffers attempted, no microcode
[    0.076095] Freeing SMP alternatives memory: 36K
[    0.088000] smpboot: CPU0: Intel(R) Core(TM) m3-7Y32 CPU @ 1.10GHz (family: 0x6, model: 0x8e, stepping: 0x9)
[    0.088087] Performance Events: unsupported p6 CPU model 142 no PMU driver, software events only.
[    0.092094] Hierarchical SRCU implementation.
[    0.096998] NMI watchdog: Perf event create on CPU 0 failed with -2
[    0.100007] NMI watchdog: Perf NMI watchdog permanently disabled
[    0.104076] smp: Bringing up secondary CPUs ...
[    0.108112] x86: Booting SMP configuration:
[    0.112007] .... node  #0, CPUs:      #1
[    0.004000] kvm-clock: cpu 1, msr 0:3ff44041, secondary cpu clock
[    0.004000] mce: CPU supports 0 MCE banks
[    0.120028] smp: Brought up 1 node, 2 CPUs
[    0.124010] smpboot: Max logical packages: 1
[    0.128007] smpboot: Total of 2 processors activated (4799.99 BogoMIPS)
[    0.132174] devtmpfs: initialized
[    0.133212] x86/mm: Memory block size: 128MB
[    0.134730] evm: security.selinux
[    0.136011] evm: security.SMACK64
[    0.140005] evm: security.SMACK64EXEC
[    0.144007] evm: security.SMACK64TRANSMUTE
[    0.148005] evm: security.SMACK64MMAP
[    0.149315] evm: security.apparmor
[    0.152004] evm: security.ima
[    0.152932] evm: security.capability
[    0.154040] clocksource: jiffies: mask: 0xffffffff max_cycles: 0xffffffff, max_idle_ns: 7645041785100000 ns
[    0.156042] futex hash table entries: 512 (order: 3, 32768 bytes)
[    0.160098] pinctrl core: initialized pinctrl subsystem
[    0.165880] RTC time:  0:01:27, date: 08/01/19
[    0.168430] NET: Registered protocol family 16
[    0.172092] audit: initializing netlink subsys (disabled)
[    0.180008] audit: type=2000 audit(1564617687.619:1): state=initialized audit_enabled=0 res=1
[    0.228011] cpuidle: using governor ladder
[    0.232020] cpuidle: using governor menu
[    0.236073] ACPI: bus type PCI registered
[    0.240008] acpiphp: ACPI Hot Plug PCI Controller Driver version: 0.5
[    0.244146] PCI: Using configuration type 1 for base access
[    0.249018] HugeTLB registered 2.00 MiB page size, pre-allocated 0 pages
[    0.256137] ACPI: Added _OSI(Module Device)
[    0.260006] ACPI: Added _OSI(Processor Device)
[    0.264007] ACPI: Added _OSI(3.0 _SCP Extensions)
[    0.268008] ACPI: Added _OSI(Processor Aggregator Device)
[    0.272009] ACPI: Added _OSI(Linux-Dell-Video)
[    0.273473] ACPI: Added _OSI(Linux-Lenovo-NV-HDMI-Audio)
[    0.276004] ACPI: Added _OSI(Linux-HPI-Hybrid-Graphics)
[    0.278069] ACPI: Executed 1 blocks of module-level executable AML code
[    0.286939] ACPI: Interpreter enabled
[    0.288024] ACPI: (supports S0 S5)
[    0.292010] ACPI: Using IOAPIC for interrupt routing
[    0.296782] PCI: Using host bridge windows from ACPI; if necessary, use "pci=nocrs" and report a bug
[    0.300456] ACPI: Enabled 2 GPEs in block 00 to 07
[    0.322094] ACPI: PCI Root Bridge [PCI0] (domain 0000 [bus 00-ff])
[    0.324052] acpi PNP0A03:00: _OSC: OS supports [ASPM ClockPM Segments MSI]
[    0.328064] acpi PNP0A03:00: _OSC: not requesting OS control; OS requires [ExtendedConfig ASPM ClockPM MSI]
[    0.332029] acpi PNP0A03:00: fail to add MMCONFIG information, can't access extended PCI configuration space under this bridge.
[    0.336628] PCI host bridge to bus 0000:00
[    0.340010] pci_bus 0000:00: root bus resource [io  0x0000-0x0cf7 window]
[    0.344011] pci_bus 0000:00: root bus resource [io  0x0d00-0xffff window]
[    0.348010] pci_bus 0000:00: root bus resource [mem 0x000a0000-0x000bffff window]
[    0.352009] pci_bus 0000:00: root bus resource [mem 0x40000000-0xfdffffff window]
[    0.356014] pci_bus 0000:00: root bus resource [bus 00-ff]
[    0.367473] pci 0000:00:01.1: legacy IDE quirk: reg 0x10: [io  0x01f0-0x01f7]
[    0.368011] pci 0000:00:01.1: legacy IDE quirk: reg 0x14: [io  0x03f6]
[    0.372009] pci 0000:00:01.1: legacy IDE quirk: reg 0x18: [io  0x0170-0x0177]
[    0.376021] pci 0000:00:01.1: legacy IDE quirk: reg 0x1c: [io  0x0376]
[    0.405839] pci 0000:00:07.0: quirk: [io  0x4000-0x403f] claimed by PIIX4 ACPI
[    0.408040] pci 0000:00:07.0: quirk: [io  0x4100-0x410f] claimed by PIIX4 SMB
[    0.428015] ACPI: PCI Interrupt Link [LNKA] (IRQs 5 9 10 *11)
[    0.432364] ACPI: PCI Interrupt Link [LNKB] (IRQs 5 9 *10 11)
[    0.436183] ACPI: PCI Interrupt Link [LNKC] (IRQs 5 *9 10 11)
[    0.440168] ACPI: PCI Interrupt Link [LNKD] (IRQs 5 9 10 *11)
[    0.444385] SCSI subsystem initialized
[    0.448082] pci 0000:00:02.0: vgaarb: setting as boot VGA device
[    0.452000] pci 0000:00:02.0: vgaarb: VGA device added: decodes=io+mem,owns=io+mem,locks=none
[    0.452011] pci 0000:00:02.0: vgaarb: bridge control possible
[    0.456006] vgaarb: loaded
[    0.460057] ACPI: bus type USB registered
[    0.464043] usbcore: registered new interface driver usbfs
[    0.468028] usbcore: registered new interface driver hub
[    0.472037] usbcore: registered new device driver usb
[    0.476098] EDAC MC: Ver: 3.0.0
[    0.480409] PCI: Using ACPI for IRQ routing
[    0.484451] NetLabel: Initializing
[    0.488003] NetLabel:  domain hash size = 128
[    0.492005] NetLabel:  protocols = UNLABELED CIPSOv4 CALIPSO
[    0.496030] NetLabel:  unlabeled traffic allowed by default
[    0.500113] clocksource: Switched to clocksource kvm-clock
[    0.54774] FS: isquotasqut_6.60[    07866] FS Dquot-cache hash table entries: 512 (order 0, 4096 bytes)
[    0.931179 AppArmor: AppArmor Filesystem Enabled
[    1.44427] pnp: PP ACPI init
[    1.104683] pnp: nPACPI: found 3 devices

[   1.1784]clocksurce:aci_pm msk: xfffff max_cycles: 0xffffff, max_ile_ns:20570102 ns
[    1.544807] NET: Rgistered potco family 2

[    1.66395] CPestablishd hash tbl entris:812 orer: 4, 65536 byes
[    1.977483] TCP bind hash tablentries: 8192 (order: 5, 131072 bytes)
[    2.040318] TCP: Hash tbles configured (established 8192 bind 8192)
[    2.078261] UDP hash table entries: 512 (order: 2, 16384 bytes)
[    2.080856] UDP-Lite hash table entries: 512 (order: 2, 16384 byte)
[    2.123225] NET: Registered protocol family 1
[    2.126451] pci 0000:00:00.0: Limiting direct PCI/PCI transfers
[    2.129879] pci 0000:00:01.0: Activating ISA DMA hang workarunds
[    2.172330 pci 0000:00:02.0: Video device withshadowed ROM at [mem 0x000000-x000dffff
   2364904] Unpacking initramfs...

[    2.920919] Freeing initrd memory: 19512K
[    2.931641] clocksource: tsc: mask: 0xffffffffffffffff max_cycles: 0x114c1ac8d5f, max_idle_ns: 440795249997 ns
[    2.942581] platform rtc_cmos: registered platform RTC device (no PNP device found)
[    2.972668] Scanning for low memory corruption every 60 seconds
[    2.975976] Initialise system trusted keyrings
[    2.977732] Key type blacklist registered
[    2.979572] workingset: timestamp_bits=36 max_order=18 bucket_order=0
[    2.988453] zbud: loaded
[    2.990668] squashfs: version 4.0 (2009/01/31) Phillip Lougher
[    2.997321] fuse init (API version 7.26)
[    3.015674] Key type asymmetric registered
[    3.021046] Asymmetric key parser 'x509' registered
[    3.033688] Block layer SCSI generic (bsg) driver version 0.4 loaded (major 246)
[    3.041140] io scheduler noop registered
[    3.049081] io scheduler deadline registered
[    3.066488] io scheduler cfq registered (default)
[    3.072005] ACPI: AC Adapter [AC] (off-line)
[    3.074894] input: Power Button as /devices/LNXSYSTM:00/LNXPWRBN:00/input/input0
[    3.108606] ACPI: Power Button [PWRF]
[    3.113261] input: Sleep Button as /devices/LNXSYSTM:00/LNXSLPBN:00/input/input1
[    3.149197] ACPI: Sleep Button [SLPF]
[    3.170417] ACPI: Battery Slot [BAT0] (battery present)
[    3.182686] Serial: 8250/16550 driver, 32 ports, IRQ sharing enabled
[    3.212756] 00:02: ttyS0 at I/O 0x3f8 (irq = 4, base_baud = 115200) is a 16550A
[    3.225035] Linux agpgart interface v0.103
[    3.236359] loop: module loaded
[    3.245858] sci host0: ata_piix

[    3.301319] scsi host1: ata_piix
[    3.302687] ata1: PATA max UDMA/33 cmd 0x1f0 ctl 0x3f6 bmdma 0xd000 irq 14
[    3.305007] ata2: PATA max UDMA/33 cmd 0x170 ctl 0x376 bmdma 0xd008 irq 1

[    3.336137] libphy: Fixed MDI Bs: probed
[    3.415978] tu: niersal TU/TAP device driver, 1.6

[    3.527909] PPP generic driver version 2.4.2
[    3.546353] ehci_hcd: USB 2.0 'Enhanced' Host Controller (EHCI) Driver
[    3.608701] ehci-pci: EHCI PCI platform driver
[    3.648560] ehci-platform: EHCI generic platform driver
[    3.688667] ohci_hcd: USB 1.1 Opn'Host Contrllr (OHCI) river
[    3.872107] ohci-pci: OHCI PCI platform driver
[    3.877943] ohci-platform: OHCI generic platform driver
[    .87688] uhci_hc: USB Universal Host Controller Interface driver
[    3.969579] i8042: PNP: PS/2 Controller [PNP0303:PS2K,PNP0f03:PS2M] at 0x60,0x64 irq 1,12
[    3.979437] serio: i8042 KBD port at 0x60,0x64 irq 1
[    3.989832] serio: i8042 AUX port at 0x60,0x64 irq 12
[    3.992361] mousedev: PS/2 mouse device common for all mice
[    4.022733] rtc_cmos rtc_cmos: rtc core: registered rtc_cmos as rtc0
[    4.038916] input: AT Translated Set 2 keyboard as /devices/platform/i8042/serio0/input/input2
[    4.040127] rtc_cmos rtc_cmos: alarms up to one day, 114 bytes nvram
[    4.040140] i2c /dev entries driver
[    4.040221] device-mapper: uevent: version 1.0.3
[    4.040303] device-mapper: ioctl: 4.37.0-ioctl (2017-09-20) initialised: dm-devel@redhat.com
[    4.121653] ledtrig-cpu: registered to indicate activity on CPUs
[    4.137840] NET: Registered protocol family 10
[    4.161261] Segment Routing with IPv6
[    4.189609] NET: Registered protocol family 17
[    4.193205] Key type dns_resolver registered
[    4.214394] RAS: Correctable Errors collector initialized.
[    4.240410] sched_clock: Marking stable (4240361628, 0)->(11693101907, -7452740279)
[    4.269486] registered taskstats version 1
[    4.302641] Loading compiled-in X.509 certificates
[    4.332593] Loaded X.509 cert 'Build time autogenerated kernel key: 2ed9c0a78927f1fed24db33f01fd983502d97350'
[    4.335821] zswap: loaded using pool lzo/zbud
[    4.351939] Key type big_key registered
[    4.362470] Key type trusted registered
[    4.370754] Key type encrypted registered
[    4.374671] AppArmor: AppArmor sha1 policy hashing enabled
[    4.378914] ima: No TPM chip found, activating TPM-bypass! (rc=-19)
[    4.393977] ima: Allocated hash algorithm: sha1
[    4.397882] evm: HMAC attrs: 0x1
[    4.406118]   Magic number: 15:44:0
[    4.408486] rtc_cmos rtc_cmos: setting system clock to 2019-08-01 00:01:32 UTC (1564617692)
[    4.426778] BIOS EDD facility v0.16 2004-Jun-25, 0 devices found
[    4.444816] EDD information not available.
[    4.455465] Freeing unused kernel image memory: 2408K
[    4.504329] Write protecting the kernel read-only data: 20480k
[    4.544114] Freeing unused kernel image memory: 2008K
[    4.546349] Freeing unused kernel image memory: 1868K
[    4.568462] x86/mm: Checked W+X mappings: passed, no W+X pages found.
[    4.584607] x86/mm: Checking user space page tables
[    4.629315] x86/mm: Checked W+X mappings: passed, no W+X pages found.
Loading, please wait...
starting version 237
[    4.735689] e1000: Intel(R) PRO/1000 Network Driver - version 7.3.21-k8-NAPI
[    4.737911] e1000: Copyright (c) 1999-2006 Intel Corporation.
[    4.741465] Fusion MPT base driver 3.04.20
[    4.751616] Copyright (c) 1999-2008 LSI Corporation
[    4.772544] AVX2 version of gcm_enc/dec engaged.
[    4.774102] AES CTR mode by8 optimization enabled
[    4.779657] Fusion MPT SPI Host driver 3.04.20
[    4.978093] input: ImExPS/2 Generic Explorer Mouse as /devices/platform/i8042/serio1/input/input4
[    5.194967] e1000 0000:00:03.0 eth0: (PCI:33MHz:32-bit) 02:1e:30:9c:a3:c0
[    5.235214] e1000 0000:00:03.0 eth0: Intel(R) PRO/1000 Network Connection
[    5.243614] mptbase: ioc0: Initiating bringup
[    5.352504] ioc0: LSI53C1030 A0: Capabilities={Initiator}
[    5.630443] scsi host2: ioc0: LSI53C1030 A0, FwRev=00000000h, Ports=1, MaxQ=256, IRQ=20
[    5.846394] scsi 2:0:0:0: Direct-Access     VBOX     HARDDISK         1.0  PQ: 0 ANSI: 5
[    5.920186] scsi target2:0:0: Beginning Domain Validation
[    5.925063] scsi target2:0:0: Domain Validation skipping write tests
[    5.927732] scsi target2:0:0: Ending Domain Validation
[    5.930021] scsi target2:0:0: asynchronous
[    5.932268] scsi 2:0:1:0: Direct-Access     VBOX     HARDDISK         1.0  PQ: 0 ANSI: 5
[    6.273133] scsi target2:0:1: Beginning Domain Validation
[    6.302567] random: fast init done
[    6.304692] scsi target2:0:1: Domain Validation skipping write tests
[    6.307232] scsi target2:0:1: Ending Domain Validation
[    6.309470] scsi target2:0:1: asynchronous
[    6.316440] random: systemd-udevd: uninitialized urandom read (16 bytes read)
[    6.316577] e1000 0000:00:08.0 eth1: (PCI:33MHz:32-bit) 08:00:27:ff:ce:20
[    6.316582] e1000 0000:00:08.0 eth1: Intel(R) PRO/1000 Network Connection
[    6.337507] random: systemd-udevd: uninitialized urandom read (16 bytes read)
[    6.337587] sd 2:0:0:0: Attached scsi generic sg0 type 0
[    6.365880] sd 2:0:1:0: Attached scsi generic sg1 type 0
[    6.375578] random: systemd-udevd: uninitialized urandom read (16 bytes read)
[    6.385043] sd 2:0:0:0: [sda] 20971520 512-byte logical blocks: (10.7 GB/10.0 GiB)
[    6.386210] e1000 0000:00:03.0 enp0s3: renamed from eth0
[    6.400570] sd 2:0:1:0: [sdb] 20480 512-byte logical blocks: (10.5 MB/10.0 MiB)
[    6.429393] sd 2:0:1:0: [sdb] Write Protect is off
[    6.429755] e1000 0000:00:08.0 enp0s8: renamed from eth1
[    6.429980] sd 2:0:0:0: [sda] Write Protect is off
[    6.460443] sd 2:0:0:0: [sda] Incomplete mode parameter data
[    6.460961] sd 2:0:1:0: [sdb] Incomplete mode parameter data
[    6.460963] sd 2:0:1:0: [sdb] Assuming drive cache: write through
[    6.512914] sd 2:0:0:0: [sda] Assuming drive cache: write through
[    6.529070]  sda: sda1
[    6.532496] sd 2:0:0:0: [sda] Attached SCSI disk
[    6.564693] sd 2:0:1:0: [sdb] Attached SCSI disk
Begin: Loading essential drivers ... [    8.120244] raid6: sse2x1   gen()  9775 MB/s
[    8.190330] raid6: sse2x1   xor()  7640 MB/s
[    8.284384] raid6: sse2x2   gen() 11995 MB/s
[    8.332129] raid6: sse2x2   xor()  8047 MB/s
[    8.408491] raid6: sse2x4   gen() 15305 MB/s
[    8.461274] raid6: sse2x4   xor()  8808 MB/s
[    8.532679] raid6: avx2x1   gen() 19596 MB/s
[    8.604405] raid6: avx2x1   xor() 13495 MB/s
[    8.664054] raid6: avx2x2   gen() 22485 MB/s
[    8.740302] raid6: avx2x2   xor() 16026 MB/s
[    8.792633] raid6: avx2x4   gen() 27012 MB/s
[    8.860295] raid6: avx2x4   xor() 15520 MB/s
[    8.861899] raid6: using algorithm avx2x4 gen() 27012 MB/s
[    8.863574] raid6: .... xor() 15520 MB/s, rmw enabled
[    8.872985] raid6: using avx2x2 recovery algorithm
[    8.893632] xor: automatically using best checksumming function   avx       
[    8.915094] async_tx: api initialized (async)
done.
Begin: Running /scripts/init-premount ... done.
Begin: Mounting root file system ... Begin: Ru[    9.001670] Btrfs loaded, crc32c=crc32c-intel
nning /scripts/local-top ... done.
Begin: Running /scripts/local-premount ... Scanning for Btrfs filesystems
done.
Warning: fsck not present, so skipping root file system
[    9.094801] EXT4-fs (sda1): mounted filesystem with ordered data mode. Opts: (null)
done.
Begin: Running /scripts/local-bottom ... done.
Begin: Running /scripts/init-bottom ... done.
[    9.853632] ip_tables: (C) 2000-2006 Netfilter Core Team
[    9.919879] systemd[1]: systemd 237 running in system mode. (+PAM +AUDIT +SELINUX +IMA +APPARMOR +SMACK +SYSVINIT +UTMP +LIBCRYPTSETUP +GCRYPT +GNUTLS +ACL +XZ +LZ4 +SECCOMP +BLKID +ELFUTILS +KMOD -IDN2 +IDN -PCRE2 default-hierarchy=hybrid)
[    9.956738] systemd[1]: Detected virtualization oracle.
[    9.970239] systemd[1]: Detected architecture x86-64.

Welcome to [1mUbuntu 18.04.2 LTS[0m!

[    9.997456] systemd[1]: Set hostname to <ubuntu-bionic>.
[   10.759394] systemd[1]: Reached target Swap.
[[0;32m  OK  [0m] Reached target Swap.
[   11.001963] systemd[1]: Created slice User and Session Slice.
[[0;32m  OK  [0m] Created slice User and Session Slice.
[   11.064894] systemd[1]: Reached target User and Group Name Lookups.
[[0;32m  OK  [0m] Reached target User and Group Name Lookups.[   11.983630] random: crng init done
[   12.029242] random: 7 urandom warning(s) missed due to ratelimiting

[   12.055146] systemd[1]: Set up automount Arbitrary Executable File Formats File System Automount Point.
[[0;32m  OK  [0m] Set up automount Arbitrary Executab…rmats File System Automount Point.
[   13.652770] systemd[1]: Started Forward Password Requests to Wall Directory Watch.
[[0;32m  OK  [0m] Started Forward Password Requests to Wall Directory Watch.
[   13.993462] systemd[1]: Created slice System Slice.
[[0;32m  OK  [0m] Created slice System Slice.
[[0;32m  OK  [0m] Created slice system-serial\x2dgetty.slice.
[[0;32m  OK  [0m] Listening on Journal Audit Socket.
[[0;32m  OK  [0m] Listening on udev Control Socket.
[[0;32m  OK  [0m] Reached target Slices.
[[0;32m  OK  [0m] Listening on Network Service Netlink Socket.
[[0;32m  OK  [0m] Listening on udev Kernel Socket.
[[0;32m  OK  [0m] Listening on Journal Socket.
         Starting Load Kernel Modules...
[[0;32m  OK  [[   14.295326] Loading iSCSI transport class v2.0-870.
0m] Listening on LVM2 metadata d[   14.357748] iscsi: registered transport (tcp)
aemon socket.
         Mounting Kernel Debug File System...
         Starting Uncomplicated firewall...
[[0;32m  OK  [0m] Listening on Journal Socket (/dev/log).
         Starting Set the console keyboard layout...
[   14.456563] iscsi: registered transport (iser)
         Mounting Huge Pages File System...
[[0;32m  OK  [0m] Listening on LVM2 poll daemon socket.
         Starting udev Coldplug all Devices...
         Starting Remount Root and Kernel File Systems...
[[0;32m  OK  [0m] Listening on Syslog Socket.
         Startin[   14.586441] EXT4-fs (sda1): re-mounted. Opts: (null)
g Journal Service...
         Mounting POSIX Message Queue File System...
[[0;32m  OK  [0m] Reached target System Time Synchronized.
[[0;32m  OK  [0m] Listening on /dev/initctl Compatibility Named Pipe.
[[0;32m  OK  [0m] Listening on Device-mapper event daemon FIFOs.
         Starting Monitoring of LVM2 mirrors…ng dmeventd or progress polling...
         Starting Create list of required st…ce nodes for the current kernel...
[[0;32m  OK  [0m] Started Journal Service.
[[0;32m  OK  [0m] Started Load Kernel Modules.
[[0;32m  OK  [0m] Mounted Kernel Debug File System.
[[0;32m  OK  [0m] Started Uncomplicated firewall.
[[0;32m  OK  [0m] Started Set the console keyboard layout.
[[0;32m  OK  [0m] Mounted Huge Pages File System.
[[0;32m  OK  [0m] Started Remount Root and Kernel File Systems.
[[0;32m  OK  [0m] Mounted POSIX Message Queue File System.
[[0;32m  OK  [0m] Started Create list of required sta…vice nodes for the current kernel.
[[0;32m  OK  [0m] Started udev Coldplug all Devices.
[[0;32m  OK  [0m] Started LVM2 metadata daemon.
         Starting Create Static Device Nodes in /dev...
         Starting Load/Save Random Seed...
         Starting Initial cloud-init job (pre-networking)...
         Mounting Kernel Configuration File System...
         Mounting FUSE Control File System...
         Starting Apply Kernel Variables...
         Starting Flush Journal to Persistent Storage...
[[0;32m  OK  [0m] Started Monitoring of LVM2 mirrors,…sing dmeventd or progress polling.
[[0;32m  OK  [0m] Started Create Static Device Nodes in /dev.
[[0;32m  OK  [0m] Started Load/Save Random Seed.
[[0;32m  OK  [0m] Mounted Kernel Configuration File System.
[[0;32m  OK  [0m] Mounted FUSE Control File System.
         Starting udev Kernel Device Manager...
[[0;32m  OK  [0m] Reached target Local File Systems (Pre).
[[0;32m  OK  [0m] Reached target Local File Systems.
         Starting Set console font and keymap...
         Starting ebtables ruleset management...
         Starting AppArmor initialization...
         Starting Tell Plymouth To Write Out Runtime Data...
[[0;32m  OK  [0m] Started Apply Kernel Variables.
[[0;32m  OK  [0m] Started Set console font and keymap.
[[0;32m  OK  [0m] Started udev Kernel Device Manager.
[[0;32m  OK  [0m] Started Dispatch Password Requests to Console Directory Watch.
[[0;32m  OK  [0m] Reached target Local Encrypted Volumes.
[[0;32m  OK  [0m] Started Tell Plymouth To Write Out Runtime Data.
[[0;32m  OK  [0m] Found device /dev/ttyS0.
[[0;32m  OK  [0m] Started ebtables ruleset management.
[[0;32m  OK  [0m] Listening on Load/Save RF Kill Switch Status /dev/rfkill Watch.
[[0;32m  OK  [0m] Started AppArmor initialization.
[[0;32m  OK  [0m] Started Flush Journal to Persistent Storage.
         Starting Create Volatile Files and Directories...
[[0;32m  OK  [0m] Started Create Volatile Files and Directories.
         Starting Update UTMP about System Boot/Shutdown...
[[0;32m  OK  [0m] Started Update UTMP about System Boot/Shutdown.
[   19.520631] cloud-init[423]: Cloud-init v. 18.5-45-g3554ffe8-0ubuntu1~18.04.1 running 'init-local' at Thu, 01 Aug 2019 00:01:47 +0000. Up 19.23 seconds.
[[0;32m  OK  [0m] Started Initial cloud-init job (pre-networking).
[[0;32m  OK  [0m] Reached target Network (Pre).
         Starting Network Service...
[[0;32m  OK  [0m] Started Network Service.
         Starting Network Name Resolution...
         Starting Wait for Network to be Configured...
[[0;32m  OK  [0m] Started Network Name Resolution.
[[0;32m  OK  [0m] Reached target Network.
[[0;32m  OK  [0m] Reached target Host and Network Name Lookups.
[[0;32m  OK  [0m] Started Wait for Network to be Configured.
         Starting Initial cloud-init job (metadata service crawler)...
[   22.016349] cloud-init[762]: Cloud-init v. 18.5-45-g3554ffe8-0ubuntu1~18.04.1 running 'init' at Thu, 01 Aug 2019 00:01:49 +0000. Up 21.83 seconds.
[   22.025760] cloud-init[762]: ci-info: ++++++++++++++++++++++++++++++++++++++Net device info+++++++++++++++++++++++++++++++++++++++
[   22.060899] cloud-init[762]: ci-info: +--------+------+-----------------------------+---------------+--------+-------------------+
[   22.078896] cloud-init[762]: ci-info: | Device |  Up  |           Address           |      Mask     | Scope  |     Hw-Address    |
[   22.083813] cloud-init[762]: ci-info: +--------+------+-----------------------------+---------------+--------+-------------------+
[   22.091660] cloud-init[762]: ci-info: | enp0s3 | True |          10.0.2.15          | 255.255.255.0 | global | 02:1e:30:9c:a3:c0 |
[   22.118091] cloud-init[762]: ci-info: | enp0s3 | True |  fe80::1e:30ff:fe9c:a3c0/64 |       .       |  link  | 02:1e:30:9c:a3:c0 |
[   22.141285] cloud-init[762]: ci-info: | enp0s8 | True |        192.168.33.10        | 255.255.255.0 | global | 08:00:27:ff:ce:20 |
[   22.179867] cloud-init[762]: ci-info: | enp0s8 | True | fe80::a00:27ff:feff:ce20/64 |       .       |  link  | 08:00:27:ff:ce:20 |
[   22.252594] cloud-init[762]: ci-info: |   lo   | True |          127.0.0.1          |   255.0.0.0   |  host  |         .         |
[   22.295179] cloud-init[762]: ci-info: |   lo   | True |           ::1/128           |       .       |  host  |         .         |
[   22.311317] cloud-init[762]: ci-info: +--------+------+-----------------------------+---------------+--------+-------------------+
[   22.384247] cloud-init[762]: ci-info: +++++++++++++++++++++++++++++Route IPv4 info+++++++++++++++++++++++++++++
[   22.398588] cloud-init[762]: ci-info: +-------+--------------+----------+-----------------+-----------+-------+
[   22.403148] cloud-init[762]: ci-info: | Route | Destination  | Gateway  |     Genmask     | Interface | Flags |
[   22.407889] cloud-init[762]: [[0;32m  OK  [0m] Started Initial cloud-init job (metadata service crawler).
[[0;32m  OK  [0m] Reached target System Initialization.
[[0;32m  OK  [0m] Listening on D-Bus System Message Bus Socket.
ci-info: +-------+--------------+----------+-----------------+-----------+-------+
         Starting Socket activation for snappy daemon.
[[0;32m  OK  [0m] Listening on Open-iSCSI iscsid Socket.
[   22.453501] cloud-init[762]: ci-info: |   0   |   0.0.0.0    | 10.0.2.2 |     0.0.0.0     |   enp0s3  |   UG  |
[[0;32m  OK  [0m] Started Message of the Day.
[[0;32m  OK  [0m] Started Discard unused blocks once a week.
[   22.560130] cloud-init[762]: ci-info: |   1   |   10.0.2.0   | 0.0.0.0  |  255.255.255.0  |   enp0s3  |   U   |
[[0;32m  OK  [0m] Started ACPI Events Check.
[[0;32m  OK  [0m] Reached target Paths.
[[0;32m  OK  [0m] Listening on ACPID Listen Socket.
[[0;32m  OK  [0m] Started Daily Cleanup of Temporary Directories.
[[0;32m  OK  [0m] Started Daily apt download activities.
[[0;32m  OK  [0m] Started Daily apt upgrade and clean activities.
[[0;32m  OK  [0m] Reached target Timers.
[[   22.669434] cloud-init[762]: ci-info: |   2   |   10.0.2.2   | 0.0.0.0  | 255.255.255.255 |   enp0s3  |   UH  |
[   22.804481] cloud-init[762]: ci-info: |   3   | 192.168.33.0 | 0.0.0.0  |  255.255.255.0  |   enp0s8  |   U   |
[   22.805064] cloud-init[762]: ci-info: +-------+--------------+----------+-----------------+-----------+-------+
[   22.805306] cloud-init[762]: ci-info: +++++++++++++++++++Route IPv6 info+++++++++++++++++++
[   22.805415] cloud-init[762]: ci-info: +-------+-------------+---------+-----------+-------+
[   22.805493] cloud-init[762]: ci-info: | Route | Destination | Gateway | Interface | Flags |
[   22.805563] cloud-init[762]: ci-info: +-------+-------------+---------+-----------+-------+
[   22.805627] cloud-init[762]: ci-info: |   1   |  fe80::/64  |    ::   |   enp0s8  |   U   |
[   22.805672] cloud-init[762]: ci-info: |   2   |  fe80::/64  |    ::   |   enp0s3  |   U   |
[   22.805720] cloud-init[762]: ci-info: |   4   |    local    |    ::   |   enp0s3  |   U   |
[   22.805773] cloud-init[762]: ci-info: |   5   |    local    |    ::   |   enp0s8  |   U   |
[   22.805824] cloud-init[762]: ci-info: |   6   |   ff00::/8  |    ::   |   enp0s8  |   U   |
[   22.805876] cloud-init[762]: ci-info: |   7   |   ff00::/8  |    ::   |   enp0s3  |   U   |
[   22.805923] cloud-init[762]: ci-info: +-------+-------------+---------+-----------+-------+
[0;32m  OK  [0m] Listening on UUID daemon activation socket.
         Starting LXD - unix socket.
[[0;32m  OK  [0m] Reached target Cloud-config availability.
[[0;32m  OK  [0m] Reached target Network is Online.
         Starting Availability of block devices...
[[0;32m  OK  [0m] Reached target Remote File Systems (Pre).
[[0;32m  OK  [0m] Reached target Remote File Systems.
[[0;32m  OK  [0m] Listening on Socket activation for snappy daemon.
[[0;32m  OK  [0m] Listening on LXD - unix socket.
[[0;32m  OK  [0m] Started Availability of block devices.
[[0;32m  OK  [0m] Reached target Sockets.
[[0;32m  OK  [0m] Reached target Basic System.
         Starting Login Service...
[[0;32m  OK  [0m] Started irqbalance daemon.
         Starting System Logging Service...
         Starting LSB: automatic crash report generation...
[[0;32m  OK  [0m] Started FUSE filesystem for LXC.
[[0;32m  OK  [0m] Started Regular background program processing daemon.
         Starting vboxadd.service...
         Starting Accounts Service...
         Starting LXD - container startup/shutdown...
         Starting LSB: Record successful boot for GRUB...
         Starting OpenBSD Secure Shell server...
[[0;32m  OK  [0m] Started Deferred execution scheduler.
         Starting Permit User Sessions...
[[0;32m  OK  [0m] Started D-Bus System Message Bus.
[[0;32m  OK  [0m] Started Login Service.
[[0;32m  OK  [0m] Started Unattended Upgrades Shutdown.
         Starting Dispatcher daemon for systemd-networkd...
         Starting Snappy daemon...
[[0;32m  OK  [0m] Started System Logging Service.
[[0;32m  OK  [0m] Started Permit User Sessions.
         Starting Terminate Plymouth Boot Screen...
         Starting Hold until boot process finishes up...
[[0;32m  OK  [0m] Started OpenBSD Secure Shell server.
[[0;32m  OK  [0m] Started Terminate Plymouth Boot Screen.
[[0;32m  OK  [0m] Started Hold until boot process finishes up.
         Starting Authorization Manager...
         Starting Set console scheme...
[[0;32m  OK  [0m] Started Serial Getty on ttyS0.
[[0;32m  OK  [0m] Started LSB: automatic crash report generation.
[[0;32m  OK  [0m] Started Set console scheme.
[[0;32m  OK  [0m] Started LSB: Record successful boot for GRUB.
[[0;32m  OK  [0m] Created slice system-getty.slice.
[[0;32m  OK  [0m] Started Getty on tty1.
[[0;32m  OK  [0m] Reached target Login Prompts.
[[0;32m  OK  [0m] Started Authorization Manager.
[[0;32m  OK  [0m] Started Accounts Service.
[[0;32m  OK  [0m] Started vboxadd.service.
         Starting vboxadd-service.service...
[[0;32m  OK  [0m] Started vboxadd-service.service.
[[0;32m  OK  [0m] Started Snappy daemon.
         Starting Wait until snapd is fully seeded...
[[0;32m  OK  [0m] Created slice User Slice of vagrant.
[[0;32m  OK  [0m] Started LXD - container startup/shutdown.
[[0;32m  OK  [0m] Started Wait until snapd is fully seeded.
[[0;32m  OK  [0m] Started Session 1 of user vagrant.
         Starting Apply the settings specified in cloud-config...
         Starting User Manager for UID 1000...
[[0;32m  OK  [0m] Started Dispatcher daemon for systemd-networkd.
[[0;32m  OK  [0m] Reached target Multi-User System.
[[0;32m  OK  [0m] Reached target Graphical Interface.
         Starting Update UTMP about System Runlevel Changes...
[[0;32m  OK  [0m] Started Update UTMP about System Runlevel Changes.
[[0;32m  OK  [0m] Started User Manager for UID 1000.
[[0;32m  OK  [0m] Started Apply the settings specified in cloud-config.
         Starting Execute cloud user/final scripts...
[   27.568413] cloud-init[1267]: Cloud-init v. 18.5-45-g3554ffe8-0ubuntu1~18.04.1 running 'modules:config' at Thu, 01 Aug 2019 00:01:55 +0000. Up 27.06 seconds.
[   28.056959] cloud-init[1356]: Cloud-init v. 18.5-45-g3554ffe8-0ubuntu1~18.04.1 running 'modules:final' at Thu, 01 Aug 2019 00:01:55 +0000. Up 27.91 seconds.
[   28.074113] cloud-init[1356]: Cloud-init v. 18.5-45-g3554ffe8-0ubuntu1~18.04.1 finished at Thu, 01 Aug 2019 00:01:56 +0000. Datasource DataSourceNoCloud [seed=/dev/sdb][dsmode=net].  Up 28.04 seconds
[[0;32m  OK  [0m] Started Execute cloud user/final scripts.
[[0;32m  OK  [0m] Reached target Cloud-init target.

Ubuntu 18.04.2 LTS ubuntu-bionic ttyS0

ubuntu-bionic login:          Stopping User Manager for UID 1000...
[[0;32m  OK  [0m] Stopped target Graphical Interface.
         Stopping Session 6 of user vagrant.
         Stopping Accounts Service...
         Stopping Availability of block devices...
2[[0;32m  OK  [0m] Unmounted /var/lib/lxcfs.
[[0;32m  OK  [0m] Stopped irqbalance daemon.
[[0;32m  OK  [0m] Stopped System Logging Service.
[[0;32m  OK  [0m] Stopped Regular background program processing daemon.
[[0;32m  OK  [0m] Stopped Accounts Service.
[[0;32m  OK  [0m] Stopped Deferred execution scheduler.
[[0;32m  OK  [0m] Stopped Dispatcher daemon for systemd-networkd.
[[0;32m  OK  [0m] Stopped OpenBSD Secure Shell server.
[[0;32m  OK  [0m] Stopped Unattended Upgrades Shutdown.
[[0;32m  OK  [0m] Stopped Authorization Manager.
[[0;32m  OK  [0m] Stopped Serial Getty on ttyS0.
[[0;32m  OK  [0m] Stopped Getty on tty1.
[[0;32m  OK  [0m] Stopped User Manager for UID 1000.
[[0;32m  OK  [0m] Stopped Availability of block devices.
[[0;32m  OK  [0m] Stopped D-Bus System Message Bus.
[[0;32m  OK  [0m] Stopped FUSE filesystem for LXC.
[[0;32m  OK  [0m] Stopped vboxadd-service.service.
[[0;32m  OK  [0m] Stopped Session 6 of user vagrant.
         Stopping vboxadd.service...
[[0;32m  OK  [0m] Removed slice User Slice of vagrant.
[[0;32m  OK  [0m] Removed slice system-getty.slice.
         Stopping Permit User Sessions...
[[0;32m  OK  [0m] Removed slice system-serial\x2dgetty.slice.
         Stopping Login Service...
[[0;32m  OK  [0m] Stopped LXD - container startup/shutdown.
[[0;32m  OK  [0m] Stopped Permit User Sessions.
[[0;32m  OK  [0m] Unmounted /vagrant.
[[0;32m  OK  [0m] Stopped Login Service.
[[0;32m  OK  [0m] Stopped vboxadd.service.
[[0;32m  OK  [0m] Stopped target User and Group Name Lookups.
[[0;32m  OK  [0m] Stopped target Network.
         Stopping Network Name Resolution...
[[0;32m  OK  [0m] Stopped LSB: Record successful boot for GRUB.
[[0;32m  OK  [0m] Stopped LSB: automatic crash report generation.
[[0;32m  OK  [0m] Stopped Network Name Resolution.
         Stopping Network Service...
[[0;32m  OK  [0m] Stopped target Remote File Systems.
[[0;32m  OK  [0m] Stopped target Remote File Systems (Pre).
[[0;32m  OK  [0m] Stopped target Basic System.
[[0;32m  OK  [0m] Stopped target Paths.
[[0;32m  OK  [0m] Stopped ACPI Events Check.
[[0;32m  OK  [0m] Stopped target Slices.
[[0;32m  OK  [0m] Removed slice User and Session Slice.
[[0;32m  OK  [0m] Stopped target Sockets.
[[0;32m  OK  [0m] Closed UUID daemon activation socket.
[[0;32m  OK  [0m] Closed D-Bus System Message Bus Socket.
[[0;32m  OK  [0m] Closed ACPID Listen Socket.
[[0;32m  OK  [0m] Closed Syslog Socket.
[[0;32m  OK  [0m] Closed Open-iSCSI iscsid Socket.
[[0;32m  OK  [0m] Closed LXD - unix socket.
[[0;32m  OK  [0m] Closed Socket activation for snappy daemon.
[[0;32m  OK  [0m] Stopped target System Initialization.
[[0;32m  OK  [0m] Stopped target Local Encrypted Volumes.
[[0;32m  OK  [0m] Stopped Dispatch Password Requests to Console Directory Watch.
[[0;32m  OK  [0m] Stopped Forward Password Requests to Wall Directory Watch.
         Stopping Update UTMP about System Boot/Shutdown...
[[0;32m  OK  [0m] Stopped Initial cloud-init job (metadata service crawler).
         Stopping Load/Save Random Seed...
[[0;32m  OK  [0m] Stopped Network Service.
[[0;32m  OK  [0m] Stopped Apply Kernel Variables.
[[0;32m  OK  [0m] Stopped Load Kernel Modules.
[[0;32m  OK  [0m] Stopped target Network (Pre).
[[0;32m  OK  [0m] Stopped Initial cloud-init job (pre-networking).
[[0;32m  OK  [0m] Stopped Update UTMP about System Boot/Shutdown.
[[0;32m  OK  [0m] Stopped Load/Save Random Seed.
[[0;32m  OK  [0m] Stopped Create Volatile Files and Directories.
[[0;32m  OK  [0m] Stopped target Local File Systems.
         Unmounting /run/user/1000...
[[0;32m  OK  [0m] Unmounted /run/user/1000.
[[0;32m  OK  [0m] Reached target Unmount All Filesystems.
[[0;32m  OK  [0m] Stopped target Local File Systems (Pre).
[[0;32m  OK  [0m] Stopped Create Static Device Nodes in /dev.
[[0;32m  OK  [0m] Stopped Remount Root and Kernel File Systems.
         Stopping Monitoring of LVM2 mirrors…ng dmeventd or progress polling...
[[0;32m  OK  [0m] Stopped target Swap.
[[0;32m  OK  [0m] Reached target Shutdown.
[[0;32m  OK  [0m] Reached target Final Step.
         Starting Power-Off...
[ 6090.434976] reboot: Power down
